<?xml version="1.0" encoding="UTF-8"?>
<!-- Generated by org.testng.reporters.JUnitXMLReporter -->
<testsuite ignored="7" hostname="DESKTOP-FCOVEUD" failures="0" tests="3" name="Test1" time="0.18" errors="0" timestamp="2022-05-19T22:18:12 IST">
  <testcase classname="com.sdet34l1.genericutility.BaseClass" name="@BeforeClass beforeClass1Test" time="0.001">
    <failure type="java.lang.Error" message="Unresolved compilation problem: 
	Cannot make a static reference to the non-static method initializeActions(WebDriver) from the type WebbdriverUtility
">
      <![CDATA[java.lang.Error: Unresolved compilation problem: 
Cannot make a static reference to the non-static method initializeActions(WebDriver) from the type WebbdriverUtility

at com.sdet34l1.genericutility.BaseClass.beforeClass1Test(BaseClass.java:82)
at java.base/java.util.ArrayList.forEach(ArrayList.java:1511)
at java.base/java.util.concurrent.FutureTask.run(FutureTask.java:264)
at java.base/java.util.concurrent.ThreadPoolExecutor.runWorker(ThreadPoolExecutor.java:1130)
at java.base/java.util.concurrent.ThreadPoolExecutor$Worker.run(ThreadPoolExecutor.java:630)
at java.base/java.lang.Thread.run(Thread.java:831)
... Removed 16 stack frames]]>
    </failure>
  </testcase> <!-- @BeforeClass beforeClass1Test -->
  <testcase classname="com.sdet34l1.genericutility.BaseClass" name="@BeforeClass beforeClass1Test" time="0.001">
    <failure type="java.lang.Error" message="Unresolved compilation problem: 
	Cannot make a static reference to the non-static method initializeActions(WebDriver) from the type WebbdriverUtility
">
      <![CDATA[java.lang.Error: Unresolved compilation problem: 
Cannot make a static reference to the non-static method initializeActions(WebDriver) from the type WebbdriverUtility

at com.sdet34l1.genericutility.BaseClass.beforeClass1Test(BaseClass.java:82)
at java.base/java.util.ArrayList.forEach(ArrayList.java:1511)
at java.base/java.util.concurrent.FutureTask.run(FutureTask.java:264)
at java.base/java.util.concurrent.ThreadPoolExecutor.runWorker(ThreadPoolExecutor.java:1130)
at java.base/java.util.concurrent.ThreadPoolExecutor$Worker.run(ThreadPoolExecutor.java:630)
at java.base/java.lang.Thread.run(Thread.java:831)
... Removed 16 stack frames]]>
    </failure>
  </testcase> <!-- @BeforeClass beforeClass1Test -->
  <testcase classname="com.sdet34l1.genericutility.BaseClass" name="@BeforeMethod beforeMethod1Test" time="-1.652978892337E9">
    <skipped/>
  </testcase> <!-- @BeforeMethod beforeMethod1Test -->
  <testcase classname="com.sdet34l1.genericutility.BaseClass" name="@BeforeMethod beforeMethod1Test" time="-1.652978892329E9">
    <skipped/>
  </testcase> <!-- @BeforeMethod beforeMethod1Test -->
  <testcase classname="com.sdet34l1.genericutility.BaseClass" name="@AfterMethod afterMethod1Test" time="-1.652978892354E9">
    <skipped/>
  </testcase> <!-- @AfterMethod afterMethod1Test -->
  <testcase classname="com.sdet34l1.genericutility.BaseClass" name="@AfterClass afterClass1" time="-1.652978892369E9">
    <skipped/>
  </testcase> <!-- @AfterClass afterClass1 -->
  <testcase classname="com.sdet34l1.genericutility.BaseClass" name="@BeforeClass beforeClass1Test" time="0.0">
    <failure type="java.lang.Error" message="Unresolved compilation problem: 
	Cannot make a static reference to the non-static method initializeActions(WebDriver) from the type WebbdriverUtility
">
      <![CDATA[java.lang.Error: Unresolved compilation problem: 
Cannot make a static reference to the non-static method initializeActions(WebDriver) from the type WebbdriverUtility

at com.sdet34l1.genericutility.BaseClass.beforeClass1Test(BaseClass.java:82)
at java.base/java.util.ArrayList.forEach(ArrayList.java:1511)
at java.base/java.util.concurrent.FutureTask.run(FutureTask.java:264)
at java.base/java.util.concurrent.ThreadPoolExecutor.runWorker(ThreadPoolExecutor.java:1130)
at java.base/java.util.concurrent.ThreadPoolExecutor$Worker.run(ThreadPoolExecutor.java:630)
at java.base/java.lang.Thread.run(Thread.java:831)
... Removed 16 stack frames]]>
    </failure>
  </testcase> <!-- @BeforeClass beforeClass1Test -->
  <testcase classname="com.sdet34l1.genericutility.BaseClass" name="@AfterMethod afterMethod1Test" time="-1.652978892374E9">
    <skipped/>
  </testcase> <!-- @AfterMethod afterMethod1Test -->
  <testcase classname="com.sdet34l1.genericutility.BaseClass" name="@BeforeMethod beforeMethod1Test" time="-1.652978892398E9">
    <skipped/>
  </testcase> <!-- @BeforeMethod beforeMethod1Test -->
  <testcase classname="com.sdet34l1.genericutility.BaseClass" name="@AfterMethod afterMethod1Test" time="-1.652978892405E9">
    <skipped/>
  </testcase> <!-- @AfterMethod afterMethod1Test -->
  <testcase classname="com.sdet34l1.genericutility.BaseClass" name="@AfterClass afterClass1" time="-1.652978892408E9">
    <skipped/>
  </testcase> <!-- @AfterClass afterClass1 -->
  <testcase classname="com.sdet34l1.genericutility.BaseClass" name="@AfterClass afterClass1" time="-1.652978892402E9">
    <skipped/>
  </testcase> <!-- @AfterClass afterClass1 -->
  <testcase classname="com.sdet34l1.genericutility.BaseClass" name="@BeforeClass beforeClass1Test" time="0.002">
    <failure type="java.lang.Error" message="Unresolved compilation problem: 
	Cannot make a static reference to the non-static method initializeActions(WebDriver) from the type WebbdriverUtility
">
      <![CDATA[java.lang.Error: Unresolved compilation problem: 
Cannot make a static reference to the non-static method initializeActions(WebDriver) from the type WebbdriverUtility

at com.sdet34l1.genericutility.BaseClass.beforeClass1Test(BaseClass.java:82)
at java.base/java.util.ArrayList.forEach(ArrayList.java:1511)
at java.base/java.util.concurrent.FutureTask.run(FutureTask.java:264)
at java.base/java.util.concurrent.ThreadPoolExecutor.runWorker(ThreadPoolExecutor.java:1130)
at java.base/java.util.concurrent.ThreadPoolExecutor$Worker.run(ThreadPoolExecutor.java:630)
at java.base/java.lang.Thread.run(Thread.java:831)
... Removed 16 stack frames]]>
    </failure>
  </testcase> <!-- @BeforeClass beforeClass1Test -->
  <testcase classname="com.sdet34l1.genericutility.BaseClass" name="@BeforeClass beforeClass1Test" time="0.0">
    <failure type="java.lang.Error" message="Unresolved compilation problem: 
	Cannot make a static reference to the non-static method initializeActions(WebDriver) from the type WebbdriverUtility
">
      <![CDATA[java.lang.Error: Unresolved compilation problem: 
Cannot make a static reference to the non-static method initializeActions(WebDriver) from the type WebbdriverUtility

at com.sdet34l1.genericutility.BaseClass.beforeClass1Test(BaseClass.java:82)
at java.base/java.util.ArrayList.forEach(ArrayList.java:1511)
at java.base/java.util.concurrent.FutureTask.run(FutureTask.java:264)
at java.base/java.util.concurrent.ThreadPoolExecutor.runWorker(ThreadPoolExecutor.java:1130)
at java.base/java.util.concurrent.ThreadPoolExecutor$Worker.run(ThreadPoolExecutor.java:630)
at java.base/java.lang.Thread.run(Thread.java:831)
... Removed 16 stack frames]]>
    </failure>
  </testcase> <!-- @BeforeClass beforeClass1Test -->
  <testcase classname="com.sdet34l1.genericutility.BaseClass" name="@BeforeMethod beforeMethod1Test" time="-1.65297889242E9">
    <skipped/>
  </testcase> <!-- @BeforeMethod beforeMethod1Test -->
  <testcase classname="com.sdet34l1.genericutility.BaseClass" name="@AfterMethod afterMethod1Test" time="-1.652978892428E9">
    <skipped/>
  </testcase> <!-- @AfterMethod afterMethod1Test -->
  <testcase classname="com.sdet34l1.genericutility.BaseClass" name="@BeforeMethod beforeMethod1Test" time="-1.65297889243E9">
    <skipped/>
  </testcase> <!-- @BeforeMethod beforeMethod1Test -->
  <testcase classname="com.sdet34l1.genericutility.BaseClass" name="@AfterClass afterClass1" time="-1.652978892431E9">
    <skipped/>
  </testcase> <!-- @AfterClass afterClass1 -->
  <testcase classname="com.sdet34l1.genericutility.BaseClass" name="@AfterMethod afterMethod1Test" time="-1.652978892436E9">
    <skipped/>
  </testcase> <!-- @AfterMethod afterMethod1Test -->
  <testcase classname="com.sdet34l1.genericutility.BaseClass" name="@BeforeClass beforeClass1Test" time="0.001">
    <failure type="java.lang.Error" message="Unresolved compilation problem: 
	Cannot make a static reference to the non-static method initializeActions(WebDriver) from the type WebbdriverUtility
">
      <![CDATA[java.lang.Error: Unresolved compilation problem: 
Cannot make a static reference to the non-static method initializeActions(WebDriver) from the type WebbdriverUtility

at com.sdet34l1.genericutility.BaseClass.beforeClass1Test(BaseClass.java:82)
at java.base/java.util.ArrayList.forEach(ArrayList.java:1511)
at java.base/java.util.concurrent.FutureTask.run(FutureTask.java:264)
at java.base/java.util.concurrent.ThreadPoolExecutor.runWorker(ThreadPoolExecutor.java:1130)
at java.base/java.util.concurrent.ThreadPoolExecutor$Worker.run(ThreadPoolExecutor.java:630)
at java.base/java.lang.Thread.run(Thread.java:831)
... Removed 16 stack frames]]>
    </failure>
  </testcase> <!-- @BeforeClass beforeClass1Test -->
  <testcase classname="com.sdet34l1.genericutility.BaseClass" name="@AfterClass afterClass1" time="-1.65297889244E9">
    <skipped/>
  </testcase> <!-- @AfterClass afterClass1 -->
  <testcase classname="com.sdet34l1.genericutility.BaseClass" name="@BeforeMethod beforeMethod1Test" time="-1.652978892444E9">
    <skipped/>
  </testcase> <!-- @BeforeMethod beforeMethod1Test -->
  <testcase classname="com.sdet34l1.genericutility.BaseClass" name="@AfterMethod afterMethod1Test" time="-1.652978892474E9">
    <skipped/>
  </testcase> <!-- @AfterMethod afterMethod1Test -->
  <testcase classname="com.sdet34l1.genericutility.BaseClass" name="@AfterClass afterClass1" time="-1.652978892486E9">
    <skipped/>
  </testcase> <!-- @AfterClass afterClass1 -->
  <testcase classname="com.sdet34l1.genericutility.BaseClass" name="@BeforeClass beforeClass1Test" time="0.001">
    <failure type="java.lang.Error" message="Unresolved compilation problem: 
	Cannot make a static reference to the non-static method initializeActions(WebDriver) from the type WebbdriverUtility
">
      <![CDATA[java.lang.Error: Unresolved compilation problem: 
Cannot make a static reference to the non-static method initializeActions(WebDriver) from the type WebbdriverUtility

at com.sdet34l1.genericutility.BaseClass.beforeClass1Test(BaseClass.java:82)
at java.base/java.util.ArrayList.forEach(ArrayList.java:1511)
at java.base/java.util.concurrent.FutureTask.run(FutureTask.java:264)
at java.base/java.util.concurrent.ThreadPoolExecutor.runWorker(ThreadPoolExecutor.java:1130)
at java.base/java.util.concurrent.ThreadPoolExecutor$Worker.run(ThreadPoolExecutor.java:630)
at java.base/java.lang.Thread.run(Thread.java:831)
... Removed 16 stack frames]]>
    </failure>
  </testcase> <!-- @BeforeClass beforeClass1Test -->
  <testcase classname="com.sdet34l1.genericutility.BaseClass" name="@BeforeMethod beforeMethod1Test" time="-1.652978892514E9">
    <skipped/>
  </testcase> <!-- @BeforeMethod beforeMethod1Test -->
  <testcase classname="com.sdet34l1.genericutility.BaseClass" name="@AfterMethod afterMethod1Test" time="-1.652978892526E9">
    <skipped/>
  </testcase> <!-- @AfterMethod afterMethod1Test -->
  <testcase classname="com.sdet34l1.genericutility.BaseClass" name="@AfterClass afterClass1" time="-1.652978892528E9">
    <skipped/>
  </testcase> <!-- @AfterClass afterClass1 -->
  <testcase classname="com.vtiger.CampaignsTest.CreateCampaignTest" name="createCampaignTest" time="0.0">
    <skipped/>
  </testcase> <!-- createCampaignTest -->
  <testcase classname="com.vtiger.DocumentsTest.CreateDocumentTest" name="CreateDocumentTest1" time="0.0">
    <skipped/>
  </testcase> <!-- CreateDocumentTest1 -->
  <testcase classname="com.vtiger.CampaignsTest.CreateCampaignWthProduct" name="createcampaignProduct" time="0.0">
    <skipped/>
  </testcase> <!-- createcampaignProduct -->
  <testcase classname="com.sdet34l1.genericutility.BaseClass" name="@BeforeSuite beforesuite1Test" time="0.0">
    <ignored/>
  </testcase> <!-- @BeforeSuite beforesuite1Test -->
  <testcase classname="com.sdet34l1.genericutility.BaseClass" name="@BeforeSuite beforesuite1Test" time="0.0">
    <ignored/>
  </testcase> <!-- @BeforeSuite beforesuite1Test -->
  <testcase classname="com.sdet34l1.genericutility.BaseClass" name="@BeforeSuite beforesuite1Test" time="0.0">
    <ignored/>
  </testcase> <!-- @BeforeSuite beforesuite1Test -->
  <testcase classname="com.vtiger.productsTest.CreateProductTest" name="createProduct" time="0.0">
    <ignored/>
  </testcase> <!-- createProduct -->
  <testcase classname="com.sdet34l1.genericutility.BaseClass" name="@AfterSuite aftersuite1Test" time="0.0">
    <ignored/>
  </testcase> <!-- @AfterSuite aftersuite1Test -->
  <testcase classname="com.sdet34l1.genericutility.BaseClass" name="@AfterSuite aftersuite1Test" time="0.0">
    <ignored/>
  </testcase> <!-- @AfterSuite aftersuite1Test -->
  <testcase classname="com.sdet34l1.genericutility.BaseClass" name="@AfterSuite aftersuite1Test" time="0.0">
    <ignored/>
  </testcase> <!-- @AfterSuite aftersuite1Test -->
</testsuite> <!-- Test1 -->
